SF:lib/bloc/contacts/contacts_state.dart
DA:12,2
LF:1
LH:1
end_of_record
SF:lib/bloc/contacts/contacts_event.dart
DA:6,2
DA:12,2
LF:2
LH:2
end_of_record
SF:lib/bloc/contacts/contacts_bloc.dart
DA:11,6
DA:12,4
DA:13,4
DA:15,6
DA:16,1
DA:17,6
DA:18,2
DA:20,2
DA:24,4
DA:25,4
DA:27,2
DA:28,2
DA:29,6
DA:30,4
DA:31,6
DA:32,6
DA:34,2
LF:17
LH:17
end_of_record
SF:lib/config.dart
DA:5,3
LF:1
LH:1
end_of_record
SF:lib/model/contacts_model.dart
DA:2,1
DA:13,2
DA:14,4
DA:15,4
DA:16,4
DA:17,4
LF:6
LH:6
end_of_record
SF:lib/repository/contacts_repo.dart
DA:10,2
DA:11,6
DA:13,1
DA:14,5
LF:4
LH:4
end_of_record
SF:lib/ui/screens/contact_list.dart
DA:13,3
DA:15,1
DA:16,1
DA:26,1
DA:28,2
DA:29,1
DA:30,3
DA:31,3
DA:32,3
DA:35,1
DA:37,1
DA:38,2
DA:39,1
DA:40,1
DA:41,5
DA:42,5
DA:46,1
DA:48,1
DA:50,1
DA:52,1
DA:54,2
DA:55,2
DA:56,2
DA:59,1
DA:60,2
DA:62,1
DA:63,2
DA:64,2
DA:66,5
DA:67,5
DA:70,2
DA:72,1
DA:73,1
DA:74,1
DA:75,1
DA:77,1
DA:82,1
DA:83,2
DA:84,1
DA:85,2
DA:87,1
DA:108,1
DA:109,1
DA:110,1
DA:111,2
DA:117,1
DA:121,1
DA:126,1
DA:127,1
DA:132,1
DA:134,1
DA:136,3
DA:137,1
DA:139,2
DA:140,2
DA:143,3
DA:144,1
DA:145,1
DA:146,2
DA:147,1
DA:148,3
DA:151,1
DA:161,3
DA:163,1
DA:165,1
DA:166,1
DA:168,1
DA:169,1
DA:172,1
LF:69
LH:69
end_of_record
SF:lib/ui/widgets/row_widget.dart
DA:7,2
DA:9,1
DA:11,1
DA:13,1
DA:14,1
DA:16,1
DA:19,1
DA:20,1
DA:21,2
DA:24,3
DA:28,1
DA:30,1
LF:12
LH:12
end_of_record
SF:lib/ui/widgets/scaffold.dart
DA:6,1
DA:14,1
DA:20,1
DA:21,1
DA:25,1
DA:27,1
DA:28,1
DA:30,1
DA:32,1
DA:33,3
DA:34,1
DA:35,1
DA:36,5
DA:37,1
DA:38,1
DA:39,1
DA:40,2
DA:47,2
DA:48,2
DA:50,2
DA:51,2
LF:21
LH:21
end_of_record
SF:lib/main.dart
DA:11,1
DA:12,1
DA:13,1
DA:18,3
DA:20,1
DA:21,1
DA:25,1
DA:27,1
DA:28,3
DA:29,2
DA:33,1
DA:35,1
DA:38,2
DA:39,1
DA:40,1
DA:41,1
DA:42,1
DA:43,1
DA:48,1
DA:49,1
DA:50,1
DA:51,1
DA:52,1
DA:58,1
DA:59,4
LF:25
LH:25
end_of_record
SF:lib/theme.dart
DA:7,1
DA:8,2
DA:11,1
DA:15,1
DA:17,1
DA:18,1
DA:21,1
DA:22,2
LF:8
LH:8
end_of_record
