SF:lib/config.dart
DA:5,3
LF:1
LH:1
end_of_record
SF:lib/model/contacts_model.dart
DA:2,1
DA:13,1
DA:14,2
DA:15,2
DA:16,2
DA:17,2
LF:6
LH:6
end_of_record
SF:lib/ui/screens/contact_list.dart
DA:13,0
DA:15,0
DA:16,0
DA:26,0
DA:28,0
DA:29,0
DA:30,0
DA:31,0
DA:32,0
DA:35,0
DA:37,0
DA:38,0
DA:39,0
DA:40,0
DA:41,0
DA:42,0
DA:46,0
DA:48,0
DA:50,0
DA:52,0
DA:53,0
DA:55,0
DA:56,0
DA:57,0
DA:60,0
DA:61,0
DA:63,0
DA:64,0
DA:66,0
DA:68,0
DA:69,0
DA:70,0
DA:71,0
DA:73,0
DA:76,0
DA:77,0
DA:78,0
DA:80,0
DA:81,0
DA:83,0
DA:84,0
DA:87,0
DA:88,0
DA:89,0
DA:90,0
DA:91,0
DA:92,0
DA:95,0
DA:102,0
DA:109,0
DA:110,0
DA:112,0
DA:113,0
DA:114,0
DA:117,0
DA:118,0
DA:119,0
DA:124,0
DA:125,0
DA:126,0
DA:127,0
DA:133,1
DA:135,0
DA:137,0
DA:139,0
DA:140,0
DA:142,0
DA:143,0
DA:146,0
LF:69
LH:1
end_of_record
SF:lib/ui/widgets/row_widget.dart
DA:7,2
DA:9,1
DA:11,1
DA:13,1
DA:14,1
DA:16,1
DA:19,1
DA:20,1
DA:21,2
DA:24,3
DA:28,1
DA:30,1
LF:12
LH:12
end_of_record
SF:lib/ui/widgets/scaffold.dart
DA:6,1
DA:14,1
DA:20,1
DA:21,1
DA:25,1
DA:27,1
DA:28,1
DA:30,1
DA:32,1
DA:33,3
DA:34,1
DA:35,1
DA:36,2
DA:37,0
DA:38,1
DA:40,0
DA:41,0
DA:48,2
DA:49,2
DA:51,2
DA:52,2
LF:21
LH:18
end_of_record
SF:lib/bloc/contacts/contacts_state.dart
DA:12,1
LF:1
LH:1
end_of_record
SF:lib/bloc/contacts/contacts_event.dart
DA:6,1
DA:12,1
LF:2
LH:2
end_of_record
SF:lib/bloc/contacts/contacts_bloc.dart
DA:11,3
DA:12,2
DA:13,2
DA:15,3
DA:16,1
DA:17,6
DA:18,2
DA:20,0
DA:24,2
DA:25,2
DA:27,1
DA:28,2
DA:29,6
DA:30,2
DA:31,6
DA:32,3
DA:34,0
LF:17
LH:15
end_of_record
SF:lib/theme.dart
DA:7,1
DA:8,2
DA:11,1
DA:15,1
DA:17,1
DA:18,1
DA:21,1
DA:22,2
DA:23,0
DA:26,1
DA:27,2
DA:28,0
DA:29,0
LF:13
LH:10
end_of_record
SF:lib/repository/contacts_repo.dart
DA:8,1
DA:9,3
DA:12,1
DA:13,5
LF:4
LH:4
end_of_record
